2023-06-22 11:52:01.049  INFO 2752 --- [restartedMain] c.shopme.admin.ShopmeBackEndApplication  : Starting ShopmeBackEndApplication using Java 17.0.6 on HOME-PC with PID 2752 (C:\Users\Nguyen Huu Tu\Documents\workspace-spring-tool-suite-4-4.17.2.RELEASE\ShopmeProject\ShopmeWebParent\ShopmeBackEnd\target\classes started by Nguyen Huu Tu in C:\Users\Nguyen Huu Tu\Documents\workspace-spring-tool-suite-4-4.17.2.RELEASE\ShopmeProject\ShopmeWebParent\ShopmeBackEnd)
2023-06-22 11:52:01.051  INFO 2752 --- [restartedMain] c.shopme.admin.ShopmeBackEndApplication  : No active profile set, falling back to default profiles: default
2023-06-22 11:52:01.091  INFO 2752 --- [restartedMain] .e.DevToolsPropertyDefaultsPostProcessor : Devtools property defaults active! Set 'spring.devtools.add-properties' to 'false' to disable
2023-06-22 11:52:01.091  INFO 2752 --- [restartedMain] .e.DevToolsPropertyDefaultsPostProcessor : For additional web related logging consider setting the 'logging.level.web' property to 'DEBUG'
2023-06-22 11:52:01.570  INFO 2752 --- [restartedMain] .s.d.r.c.RepositoryConfigurationDelegate : Bootstrapping Spring Data JPA repositories in DEFAULT mode.
2023-06-22 11:52:01.615  INFO 2752 --- [restartedMain] .s.d.r.c.RepositoryConfigurationDelegate : Finished Spring Data repository scanning in 37 ms. Found 2 JPA repository interfaces.
2023-06-22 11:52:02.040  INFO 2752 --- [restartedMain] o.s.b.w.embedded.tomcat.TomcatWebServer  : Tomcat initialized with port(s): 8080 (http)
2023-06-22 11:52:02.046  INFO 2752 --- [restartedMain] o.apache.catalina.core.StandardService   : Starting service [Tomcat]
2023-06-22 11:52:02.047  INFO 2752 --- [restartedMain] org.apache.catalina.core.StandardEngine  : Starting Servlet engine: [Apache Tomcat/9.0.41]
2023-06-22 11:52:02.104  INFO 2752 --- [restartedMain] o.a.c.c.C.[.[localhost].[/ShopmeAdmin]   : Initializing Spring embedded WebApplicationContext
2023-06-22 11:52:02.104  INFO 2752 --- [restartedMain] w.s.c.ServletWebServerApplicationContext : Root WebApplicationContext: initialization completed in 1012 ms
2023-06-22 11:52:02.272  INFO 2752 --- [restartedMain] o.hibernate.jpa.internal.util.LogHelper  : HHH000204: Processing PersistenceUnitInfo [name: default]
2023-06-22 11:52:02.313  INFO 2752 --- [restartedMain] org.hibernate.Version                    : HHH000412: Hibernate ORM core version 5.4.27.Final
2023-06-22 11:52:02.421  INFO 2752 --- [restartedMain] o.hibernate.annotations.common.Version   : HCANN000001: Hibernate Commons Annotations {5.1.2.Final}
2023-06-22 11:52:02.505  INFO 2752 --- [restartedMain] com.zaxxer.hikari.HikariDataSource       : HikariPool-1 - Starting...
2023-06-22 11:52:02.751  INFO 2752 --- [restartedMain] com.zaxxer.hikari.HikariDataSource       : HikariPool-1 - Start completed.
2023-06-22 11:52:02.775  INFO 2752 --- [restartedMain] org.hibernate.dialect.Dialect            : HHH000400: Using dialect: org.hibernate.dialect.MySQL8Dialect
2023-06-22 11:52:03.302  INFO 2752 --- [restartedMain] o.h.e.t.j.p.i.JtaPlatformInitiator       : HHH000490: Using JtaPlatform implementation: [org.hibernate.engine.transaction.jta.platform.internal.NoJtaPlatform]
2023-06-22 11:52:03.310  INFO 2752 --- [restartedMain] j.LocalContainerEntityManagerFactoryBean : Initialized JPA EntityManagerFactory for persistence unit 'default'
2023-06-22 11:52:03.337  INFO 2752 --- [restartedMain] o.s.b.d.a.OptionalLiveReloadServer       : LiveReload server is running on port 35729
2023-06-22 11:52:03.381  WARN 2752 --- [restartedMain] JpaBaseConfiguration$JpaWebConfiguration : spring.jpa.open-in-view is enabled by default. Therefore, database queries may be performed during view rendering. Explicitly configure spring.jpa.open-in-view to disable this warning
2023-06-22 11:52:03.825  INFO 2752 --- [restartedMain] o.s.s.web.DefaultSecurityFilterChain     : Will secure Ant [pattern='/images/**'] with []
2023-06-22 11:52:03.825  INFO 2752 --- [restartedMain] o.s.s.web.DefaultSecurityFilterChain     : Will secure Ant [pattern='/js/**'] with []
2023-06-22 11:52:03.825  INFO 2752 --- [restartedMain] o.s.s.web.DefaultSecurityFilterChain     : Will secure Ant [pattern='/webjars/**'] with []
2023-06-22 11:52:03.853  INFO 2752 --- [restartedMain] o.s.s.web.DefaultSecurityFilterChain     : Will secure any request with [org.springframework.security.web.context.request.async.WebAsyncManagerIntegrationFilter@8bf7915, org.springframework.security.web.context.SecurityContextPersistenceFilter@51181ab5, org.springframework.security.web.header.HeaderWriterFilter@7f0ea423, org.springframework.security.web.csrf.CsrfFilter@1b569f80, org.springframework.security.web.authentication.logout.LogoutFilter@415980e3, org.springframework.security.web.authentication.UsernamePasswordAuthenticationFilter@45c1ae26, org.springframework.security.web.savedrequest.RequestCacheAwareFilter@3de35d97, org.springframework.security.web.servletapi.SecurityContextHolderAwareRequestFilter@5f947f64, org.springframework.security.web.authentication.rememberme.RememberMeAuthenticationFilter@38b8252c, org.springframework.security.web.authentication.AnonymousAuthenticationFilter@376ed4e1, org.springframework.security.web.session.SessionManagementFilter@31d356f0, org.springframework.security.web.access.ExceptionTranslationFilter@6232621e, org.springframework.security.web.access.intercept.FilterSecurityInterceptor@4c2f0890]
2023-06-22 11:52:03.934  INFO 2752 --- [restartedMain] o.s.s.concurrent.ThreadPoolTaskExecutor  : Initializing ExecutorService 'applicationTaskExecutor'
2023-06-22 11:52:03.997  INFO 2752 --- [restartedMain] o.s.b.a.w.s.WelcomePageHandlerMapping    : Adding welcome page template: index
2023-06-22 11:52:04.330  INFO 2752 --- [restartedMain] o.s.b.w.embedded.tomcat.TomcatWebServer  : Tomcat started on port(s): 8080 (http) with context path '/ShopmeAdmin'
2023-06-22 11:52:04.338  INFO 2752 --- [restartedMain] c.shopme.admin.ShopmeBackEndApplication  : Started ShopmeBackEndApplication in 3.575 seconds (JVM running for 4.156)
2023-06-22 11:54:30.952  INFO 2752 --- [Thread-4] o.s.s.concurrent.ThreadPoolTaskExecutor  : Shutting down ExecutorService 'applicationTaskExecutor'
2023-06-22 11:54:30.953  INFO 2752 --- [Thread-4] j.LocalContainerEntityManagerFactoryBean : Closing JPA EntityManagerFactory for persistence unit 'default'
2023-06-22 11:54:30.957  INFO 2752 --- [Thread-4] com.zaxxer.hikari.HikariDataSource       : HikariPool-1 - Shutdown initiated...
2023-06-22 11:54:30.962  INFO 2752 --- [Thread-4] com.zaxxer.hikari.HikariDataSource       : HikariPool-1 - Shutdown completed.
2023-06-22 11:54:31.018  INFO 2752 --- [restartedMain] c.shopme.admin.ShopmeBackEndApplication  : Starting ShopmeBackEndApplication using Java 17.0.6 on HOME-PC with PID 2752 (C:\Users\Nguyen Huu Tu\Documents\workspace-spring-tool-suite-4-4.17.2.RELEASE\ShopmeProject\ShopmeWebParent\ShopmeBackEnd\target\classes started by Nguyen Huu Tu in C:\Users\Nguyen Huu Tu\Documents\workspace-spring-tool-suite-4-4.17.2.RELEASE\ShopmeProject\ShopmeWebParent\ShopmeBackEnd)
2023-06-22 11:54:31.019  INFO 2752 --- [restartedMain] c.shopme.admin.ShopmeBackEndApplication  : No active profile set, falling back to default profiles: default
2023-06-22 11:54:31.163  INFO 2752 --- [restartedMain] .s.d.r.c.RepositoryConfigurationDelegate : Bootstrapping Spring Data JPA repositories in DEFAULT mode.
2023-06-22 11:54:31.173  INFO 2752 --- [restartedMain] .s.d.r.c.RepositoryConfigurationDelegate : Finished Spring Data repository scanning in 9 ms. Found 2 JPA repository interfaces.
2023-06-22 11:54:31.247  INFO 2752 --- [restartedMain] o.s.b.w.embedded.tomcat.TomcatWebServer  : Tomcat initialized with port(s): 8080 (http)
2023-06-22 11:54:31.248  INFO 2752 --- [restartedMain] o.apache.catalina.core.StandardService   : Starting service [Tomcat]
2023-06-22 11:54:31.248  INFO 2752 --- [restartedMain] org.apache.catalina.core.StandardEngine  : Starting Servlet engine: [Apache Tomcat/9.0.41]
2023-06-22 11:54:31.266  INFO 2752 --- [restartedMain] o.a.c.c.C.[.[localhost].[/ShopmeAdmin]   : Initializing Spring embedded WebApplicationContext
2023-06-22 11:54:31.266  INFO 2752 --- [restartedMain] w.s.c.ServletWebServerApplicationContext : Root WebApplicationContext: initialization completed in 244 ms
2023-06-22 11:54:31.315  INFO 2752 --- [restartedMain] o.hibernate.jpa.internal.util.LogHelper  : HHH000204: Processing PersistenceUnitInfo [name: default]
2023-06-22 11:54:31.320  INFO 2752 --- [restartedMain] com.zaxxer.hikari.HikariDataSource       : HikariPool-2 - Starting...
2023-06-22 11:54:31.332  INFO 2752 --- [restartedMain] com.zaxxer.hikari.HikariDataSource       : HikariPool-2 - Start completed.
2023-06-22 11:54:31.332  INFO 2752 --- [restartedMain] org.hibernate.dialect.Dialect            : HHH000400: Using dialect: org.hibernate.dialect.MySQL8Dialect
2023-06-22 11:54:31.375  INFO 2752 --- [restartedMain] o.h.e.t.j.p.i.JtaPlatformInitiator       : HHH000490: Using JtaPlatform implementation: [org.hibernate.engine.transaction.jta.platform.internal.NoJtaPlatform]
2023-06-22 11:54:31.375  INFO 2752 --- [restartedMain] j.LocalContainerEntityManagerFactoryBean : Initialized JPA EntityManagerFactory for persistence unit 'default'
2023-06-22 11:54:31.385  INFO 2752 --- [restartedMain] o.s.b.d.a.OptionalLiveReloadServer       : LiveReload server is running on port 35729
2023-06-22 11:54:31.400  WARN 2752 --- [restartedMain] JpaBaseConfiguration$JpaWebConfiguration : spring.jpa.open-in-view is enabled by default. Therefore, database queries may be performed during view rendering. Explicitly configure spring.jpa.open-in-view to disable this warning
2023-06-22 11:54:31.480  INFO 2752 --- [restartedMain] o.s.s.web.DefaultSecurityFilterChain     : Will secure Ant [pattern='/images/**'] with []
2023-06-22 11:54:31.480  INFO 2752 --- [restartedMain] o.s.s.web.DefaultSecurityFilterChain     : Will secure Ant [pattern='/js/**'] with []
2023-06-22 11:54:31.480  INFO 2752 --- [restartedMain] o.s.s.web.DefaultSecurityFilterChain     : Will secure Ant [pattern='/webjars/**'] with []
2023-06-22 11:54:31.488  INFO 2752 --- [restartedMain] o.s.s.web.DefaultSecurityFilterChain     : Will secure any request with [org.springframework.security.web.context.request.async.WebAsyncManagerIntegrationFilter@3403a77f, org.springframework.security.web.context.SecurityContextPersistenceFilter@5269309a, org.springframework.security.web.header.HeaderWriterFilter@4ea7c22e, org.springframework.security.web.csrf.CsrfFilter@5fbaa1e, org.springframework.security.web.authentication.logout.LogoutFilter@29379026, org.springframework.security.web.authentication.UsernamePasswordAuthenticationFilter@6b49d68d, org.springframework.security.web.savedrequest.RequestCacheAwareFilter@2b3cb29, org.springframework.security.web.servletapi.SecurityContextHolderAwareRequestFilter@7275dfe3, org.springframework.security.web.authentication.rememberme.RememberMeAuthenticationFilter@1353349d, org.springframework.security.web.authentication.AnonymousAuthenticationFilter@38707c9e, org.springframework.security.web.session.SessionManagementFilter@a9ac08d, org.springframework.security.web.access.ExceptionTranslationFilter@4692d305, org.springframework.security.web.access.intercept.FilterSecurityInterceptor@61adaa53]
2023-06-22 11:54:31.515  INFO 2752 --- [restartedMain] o.s.s.concurrent.ThreadPoolTaskExecutor  : Initializing ExecutorService 'applicationTaskExecutor'
2023-06-22 11:54:31.528  INFO 2752 --- [restartedMain] o.s.b.a.w.s.WelcomePageHandlerMapping    : Adding welcome page template: index
2023-06-22 11:54:31.708  INFO 2752 --- [restartedMain] o.s.b.w.embedded.tomcat.TomcatWebServer  : Tomcat started on port(s): 8080 (http) with context path '/ShopmeAdmin'
2023-06-22 11:54:31.711  INFO 2752 --- [restartedMain] c.shopme.admin.ShopmeBackEndApplication  : Started ShopmeBackEndApplication in 0.716 seconds (JVM running for 151.53)
2023-06-22 11:54:31.713  INFO 2752 --- [restartedMain] .ConditionEvaluationDeltaLoggingListener : Condition evaluation unchanged
2023-06-22 11:55:28.363  INFO 2752 --- [Thread-8] o.s.s.concurrent.ThreadPoolTaskExecutor  : Shutting down ExecutorService 'applicationTaskExecutor'
2023-06-22 11:55:28.364  INFO 2752 --- [Thread-8] j.LocalContainerEntityManagerFactoryBean : Closing JPA EntityManagerFactory for persistence unit 'default'
2023-06-22 11:55:28.364  INFO 2752 --- [Thread-8] com.zaxxer.hikari.HikariDataSource       : HikariPool-2 - Shutdown initiated...
2023-06-22 11:55:28.367  INFO 2752 --- [Thread-8] com.zaxxer.hikari.HikariDataSource       : HikariPool-2 - Shutdown completed.
2023-06-22 11:55:28.423  INFO 2752 --- [restartedMain] c.shopme.admin.ShopmeBackEndApplication  : Starting ShopmeBackEndApplication using Java 17.0.6 on HOME-PC with PID 2752 (C:\Users\Nguyen Huu Tu\Documents\workspace-spring-tool-suite-4-4.17.2.RELEASE\ShopmeProject\ShopmeWebParent\ShopmeBackEnd\target\classes started by Nguyen Huu Tu in C:\Users\Nguyen Huu Tu\Documents\workspace-spring-tool-suite-4-4.17.2.RELEASE\ShopmeProject\ShopmeWebParent\ShopmeBackEnd)
2023-06-22 11:55:28.423  INFO 2752 --- [restartedMain] c.shopme.admin.ShopmeBackEndApplication  : No active profile set, falling back to default profiles: default
2023-06-22 11:55:28.557  INFO 2752 --- [restartedMain] .s.d.r.c.RepositoryConfigurationDelegate : Bootstrapping Spring Data JPA repositories in DEFAULT mode.
2023-06-22 11:55:28.566  INFO 2752 --- [restartedMain] .s.d.r.c.RepositoryConfigurationDelegate : Finished Spring Data repository scanning in 9 ms. Found 2 JPA repository interfaces.
2023-06-22 11:55:28.636  INFO 2752 --- [restartedMain] o.s.b.w.embedded.tomcat.TomcatWebServer  : Tomcat initialized with port(s): 8080 (http)
2023-06-22 11:55:28.637  INFO 2752 --- [restartedMain] o.apache.catalina.core.StandardService   : Starting service [Tomcat]
2023-06-22 11:55:28.637  INFO 2752 --- [restartedMain] org.apache.catalina.core.StandardEngine  : Starting Servlet engine: [Apache Tomcat/9.0.41]
2023-06-22 11:55:28.650  INFO 2752 --- [restartedMain] o.a.c.c.C.[.[localhost].[/ShopmeAdmin]   : Initializing Spring embedded WebApplicationContext
2023-06-22 11:55:28.650  INFO 2752 --- [restartedMain] w.s.c.ServletWebServerApplicationContext : Root WebApplicationContext: initialization completed in 223 ms
2023-06-22 11:55:28.680  INFO 2752 --- [restartedMain] o.hibernate.jpa.internal.util.LogHelper  : HHH000204: Processing PersistenceUnitInfo [name: default]
2023-06-22 11:55:28.684  INFO 2752 --- [restartedMain] com.zaxxer.hikari.HikariDataSource       : HikariPool-3 - Starting...
2023-06-22 11:55:28.694  INFO 2752 --- [restartedMain] com.zaxxer.hikari.HikariDataSource       : HikariPool-3 - Start completed.
2023-06-22 11:55:28.694  INFO 2752 --- [restartedMain] org.hibernate.dialect.Dialect            : HHH000400: Using dialect: org.hibernate.dialect.MySQL8Dialect
2023-06-22 11:55:28.735  INFO 2752 --- [restartedMain] o.h.e.t.j.p.i.JtaPlatformInitiator       : HHH000490: Using JtaPlatform implementation: [org.hibernate.engine.transaction.jta.platform.internal.NoJtaPlatform]
2023-06-22 11:55:28.735  INFO 2752 --- [restartedMain] j.LocalContainerEntityManagerFactoryBean : Initialized JPA EntityManagerFactory for persistence unit 'default'
2023-06-22 11:55:28.745  INFO 2752 --- [restartedMain] o.s.b.d.a.OptionalLiveReloadServer       : LiveReload server is running on port 35729
2023-06-22 11:55:28.759  WARN 2752 --- [restartedMain] JpaBaseConfiguration$JpaWebConfiguration : spring.jpa.open-in-view is enabled by default. Therefore, database queries may be performed during view rendering. Explicitly configure spring.jpa.open-in-view to disable this warning
2023-06-22 11:55:28.823  INFO 2752 --- [restartedMain] o.s.s.web.DefaultSecurityFilterChain     : Will secure Ant [pattern='/images/**'] with []
2023-06-22 11:55:28.823  INFO 2752 --- [restartedMain] o.s.s.web.DefaultSecurityFilterChain     : Will secure Ant [pattern='/js/**'] with []
2023-06-22 11:55:28.823  INFO 2752 --- [restartedMain] o.s.s.web.DefaultSecurityFilterChain     : Will secure Ant [pattern='/webjars/**'] with []
2023-06-22 11:55:28.829  INFO 2752 --- [restartedMain] o.s.s.web.DefaultSecurityFilterChain     : Will secure any request with [org.springframework.security.web.context.request.async.WebAsyncManagerIntegrationFilter@1bf6234d, org.springframework.security.web.context.SecurityContextPersistenceFilter@52bb9564, org.springframework.security.web.header.HeaderWriterFilter@48acddc0, org.springframework.security.web.csrf.CsrfFilter@432ce092, org.springframework.security.web.authentication.logout.LogoutFilter@4a70536d, org.springframework.security.web.authentication.UsernamePasswordAuthenticationFilter@520c5b16, org.springframework.security.web.savedrequest.RequestCacheAwareFilter@22670a62, org.springframework.security.web.servletapi.SecurityContextHolderAwareRequestFilter@c0b8133, org.springframework.security.web.authentication.rememberme.RememberMeAuthenticationFilter@2e5083ab, org.springframework.security.web.authentication.AnonymousAuthenticationFilter@3a45381, org.springframework.security.web.session.SessionManagementFilter@7637d340, org.springframework.security.web.access.ExceptionTranslationFilter@6fe3f9e8, org.springframework.security.web.access.intercept.FilterSecurityInterceptor@fc2e10b]
2023-06-22 11:55:28.859  INFO 2752 --- [restartedMain] o.s.s.concurrent.ThreadPoolTaskExecutor  : Initializing ExecutorService 'applicationTaskExecutor'
2023-06-22 11:55:28.870  INFO 2752 --- [restartedMain] o.s.b.a.w.s.WelcomePageHandlerMapping    : Adding welcome page template: index
2023-06-22 11:55:29.020  INFO 2752 --- [restartedMain] o.s.b.w.embedded.tomcat.TomcatWebServer  : Tomcat started on port(s): 8080 (http) with context path '/ShopmeAdmin'
2023-06-22 11:55:29.023  INFO 2752 --- [restartedMain] c.shopme.admin.ShopmeBackEndApplication  : Started ShopmeBackEndApplication in 0.622 seconds (JVM running for 208.841)
2023-06-22 11:55:29.025  INFO 2752 --- [restartedMain] .ConditionEvaluationDeltaLoggingListener : Condition evaluation unchanged
2023-06-22 11:57:54.563  INFO 2752 --- [Thread-13] o.s.s.concurrent.ThreadPoolTaskExecutor  : Shutting down ExecutorService 'applicationTaskExecutor'
2023-06-22 11:57:54.563  INFO 2752 --- [Thread-13] j.LocalContainerEntityManagerFactoryBean : Closing JPA EntityManagerFactory for persistence unit 'default'
2023-06-22 11:57:54.564  INFO 2752 --- [Thread-13] com.zaxxer.hikari.HikariDataSource       : HikariPool-3 - Shutdown initiated...
2023-06-22 11:57:54.567  INFO 2752 --- [Thread-13] com.zaxxer.hikari.HikariDataSource       : HikariPool-3 - Shutdown completed.
2023-06-22 11:57:54.628  INFO 2752 --- [restartedMain] c.shopme.admin.ShopmeBackEndApplication  : Starting ShopmeBackEndApplication using Java 17.0.6 on HOME-PC with PID 2752 (C:\Users\Nguyen Huu Tu\Documents\workspace-spring-tool-suite-4-4.17.2.RELEASE\ShopmeProject\ShopmeWebParent\ShopmeBackEnd\target\classes started by Nguyen Huu Tu in C:\Users\Nguyen Huu Tu\Documents\workspace-spring-tool-suite-4-4.17.2.RELEASE\ShopmeProject\ShopmeWebParent\ShopmeBackEnd)
2023-06-22 11:57:54.629  INFO 2752 --- [restartedMain] c.shopme.admin.ShopmeBackEndApplication  : No active profile set, falling back to default profiles: default
2023-06-22 11:57:54.764  INFO 2752 --- [restartedMain] .s.d.r.c.RepositoryConfigurationDelegate : Bootstrapping Spring Data JPA repositories in DEFAULT mode.
2023-06-22 11:57:54.773  INFO 2752 --- [restartedMain] .s.d.r.c.RepositoryConfigurationDelegate : Finished Spring Data repository scanning in 8 ms. Found 2 JPA repository interfaces.
2023-06-22 11:57:54.835  INFO 2752 --- [restartedMain] o.s.b.w.embedded.tomcat.TomcatWebServer  : Tomcat initialized with port(s): 8080 (http)
2023-06-22 11:57:54.836  INFO 2752 --- [restartedMain] o.apache.catalina.core.StandardService   : Starting service [Tomcat]
2023-06-22 11:57:54.836  INFO 2752 --- [restartedMain] org.apache.catalina.core.StandardEngine  : Starting Servlet engine: [Apache Tomcat/9.0.41]
2023-06-22 11:57:54.859  INFO 2752 --- [restartedMain] o.a.c.c.C.[.[localhost].[/ShopmeAdmin]   : Initializing Spring embedded WebApplicationContext
2023-06-22 11:57:54.859  INFO 2752 --- [restartedMain] w.s.c.ServletWebServerApplicationContext : Root WebApplicationContext: initialization completed in 227 ms
2023-06-22 11:57:54.904  INFO 2752 --- [restartedMain] o.hibernate.jpa.internal.util.LogHelper  : HHH000204: Processing PersistenceUnitInfo [name: default]
2023-06-22 11:57:54.911  INFO 2752 --- [restartedMain] com.zaxxer.hikari.HikariDataSource       : HikariPool-4 - Starting...
2023-06-22 11:57:54.920  INFO 2752 --- [restartedMain] com.zaxxer.hikari.HikariDataSource       : HikariPool-4 - Start completed.
2023-06-22 11:57:54.920  INFO 2752 --- [restartedMain] org.hibernate.dialect.Dialect            : HHH000400: Using dialect: org.hibernate.dialect.MySQL8Dialect
2023-06-22 11:57:54.964  INFO 2752 --- [restartedMain] o.h.e.t.j.p.i.JtaPlatformInitiator       : HHH000490: Using JtaPlatform implementation: [org.hibernate.engine.transaction.jta.platform.internal.NoJtaPlatform]
2023-06-22 11:57:54.964  INFO 2752 --- [restartedMain] j.LocalContainerEntityManagerFactoryBean : Initialized JPA EntityManagerFactory for persistence unit 'default'
2023-06-22 11:57:54.974  INFO 2752 --- [restartedMain] o.s.b.d.a.OptionalLiveReloadServer       : LiveReload server is running on port 35729
2023-06-22 11:57:54.988  WARN 2752 --- [restartedMain] JpaBaseConfiguration$JpaWebConfiguration : spring.jpa.open-in-view is enabled by default. Therefore, database queries may be performed during view rendering. Explicitly configure spring.jpa.open-in-view to disable this warning
2023-06-22 11:57:55.065  INFO 2752 --- [restartedMain] o.s.s.web.DefaultSecurityFilterChain     : Will secure Ant [pattern='/images/**'] with []
2023-06-22 11:57:55.065  INFO 2752 --- [restartedMain] o.s.s.web.DefaultSecurityFilterChain     : Will secure Ant [pattern='/js/**'] with []
2023-06-22 11:57:55.065  INFO 2752 --- [restartedMain] o.s.s.web.DefaultSecurityFilterChain     : Will secure Ant [pattern='/webjars/**'] with []
2023-06-22 11:57:55.072  INFO 2752 --- [restartedMain] o.s.s.web.DefaultSecurityFilterChain     : Will secure any request with [org.springframework.security.web.context.request.async.WebAsyncManagerIntegrationFilter@363bba45, org.springframework.security.web.context.SecurityContextPersistenceFilter@1043f485, org.springframework.security.web.header.HeaderWriterFilter@4b7164d4, org.springframework.security.web.csrf.CsrfFilter@650e7c02, org.springframework.security.web.authentication.logout.LogoutFilter@3363ac0e, org.springframework.security.web.authentication.UsernamePasswordAuthenticationFilter@26d6eb2f, org.springframework.security.web.savedrequest.RequestCacheAwareFilter@7f3422a6, org.springframework.security.web.servletapi.SecurityContextHolderAwareRequestFilter@3f23be50, org.springframework.security.web.authentication.rememberme.RememberMeAuthenticationFilter@7b104a6a, org.springframework.security.web.authentication.AnonymousAuthenticationFilter@71b7fa24, org.springframework.security.web.session.SessionManagementFilter@6bb663c, org.springframework.security.web.access.ExceptionTranslationFilter@30bbe477, org.springframework.security.web.access.intercept.FilterSecurityInterceptor@5162d52b]
2023-06-22 11:57:55.100  INFO 2752 --- [restartedMain] o.s.s.concurrent.ThreadPoolTaskExecutor  : Initializing ExecutorService 'applicationTaskExecutor'
2023-06-22 11:57:55.119  INFO 2752 --- [restartedMain] o.s.b.a.w.s.WelcomePageHandlerMapping    : Adding welcome page template: index
2023-06-22 11:57:55.296  INFO 2752 --- [restartedMain] o.s.b.w.embedded.tomcat.TomcatWebServer  : Tomcat started on port(s): 8080 (http) with context path '/ShopmeAdmin'
2023-06-22 11:57:55.299  INFO 2752 --- [restartedMain] c.shopme.admin.ShopmeBackEndApplication  : Started ShopmeBackEndApplication in 0.693 seconds (JVM running for 355.117)
2023-06-22 11:57:55.301  INFO 2752 --- [restartedMain] .ConditionEvaluationDeltaLoggingListener : Condition evaluation unchanged
2023-06-22 11:59:43.007  INFO 2752 --- [Thread-18] o.s.s.concurrent.ThreadPoolTaskExecutor  : Shutting down ExecutorService 'applicationTaskExecutor'
2023-06-22 11:59:43.008  INFO 2752 --- [Thread-18] j.LocalContainerEntityManagerFactoryBean : Closing JPA EntityManagerFactory for persistence unit 'default'
2023-06-22 11:59:43.009  INFO 2752 --- [Thread-18] com.zaxxer.hikari.HikariDataSource       : HikariPool-4 - Shutdown initiated...
2023-06-22 11:59:43.013  INFO 2752 --- [Thread-18] com.zaxxer.hikari.HikariDataSource       : HikariPool-4 - Shutdown completed.
2023-06-22 11:59:43.068  INFO 2752 --- [restartedMain] c.shopme.admin.ShopmeBackEndApplication  : Starting ShopmeBackEndApplication using Java 17.0.6 on HOME-PC with PID 2752 (C:\Users\Nguyen Huu Tu\Documents\workspace-spring-tool-suite-4-4.17.2.RELEASE\ShopmeProject\ShopmeWebParent\ShopmeBackEnd\target\classes started by Nguyen Huu Tu in C:\Users\Nguyen Huu Tu\Documents\workspace-spring-tool-suite-4-4.17.2.RELEASE\ShopmeProject\ShopmeWebParent\ShopmeBackEnd)
2023-06-22 11:59:43.068  INFO 2752 --- [restartedMain] c.shopme.admin.ShopmeBackEndApplication  : No active profile set, falling back to default profiles: default
2023-06-22 11:59:43.195  INFO 2752 --- [restartedMain] .s.d.r.c.RepositoryConfigurationDelegate : Bootstrapping Spring Data JPA repositories in DEFAULT mode.
2023-06-22 11:59:43.204  INFO 2752 --- [restartedMain] .s.d.r.c.RepositoryConfigurationDelegate : Finished Spring Data repository scanning in 8 ms. Found 2 JPA repository interfaces.
2023-06-22 11:59:43.265  INFO 2752 --- [restartedMain] o.s.b.w.embedded.tomcat.TomcatWebServer  : Tomcat initialized with port(s): 8080 (http)
2023-06-22 11:59:43.265  INFO 2752 --- [restartedMain] o.apache.catalina.core.StandardService   : Starting service [Tomcat]
2023-06-22 11:59:43.266  INFO 2752 --- [restartedMain] org.apache.catalina.core.StandardEngine  : Starting Servlet engine: [Apache Tomcat/9.0.41]
2023-06-22 11:59:43.286  INFO 2752 --- [restartedMain] o.a.c.c.C.[.[localhost].[/ShopmeAdmin]   : Initializing Spring embedded WebApplicationContext
2023-06-22 11:59:43.287  INFO 2752 --- [restartedMain] w.s.c.ServletWebServerApplicationContext : Root WebApplicationContext: initialization completed in 217 ms
2023-06-22 11:59:43.324  INFO 2752 --- [restartedMain] o.hibernate.jpa.internal.util.LogHelper  : HHH000204: Processing PersistenceUnitInfo [name: default]
2023-06-22 11:59:43.329  INFO 2752 --- [restartedMain] com.zaxxer.hikari.HikariDataSource       : HikariPool-5 - Starting...
2023-06-22 11:59:43.338  INFO 2752 --- [restartedMain] com.zaxxer.hikari.HikariDataSource       : HikariPool-5 - Start completed.
2023-06-22 11:59:43.338  INFO 2752 --- [restartedMain] org.hibernate.dialect.Dialect            : HHH000400: Using dialect: org.hibernate.dialect.MySQL8Dialect
2023-06-22 11:59:43.374  INFO 2752 --- [restartedMain] o.h.e.t.j.p.i.JtaPlatformInitiator       : HHH000490: Using JtaPlatform implementation: [org.hibernate.engine.transaction.jta.platform.internal.NoJtaPlatform]
2023-06-22 11:59:43.374  INFO 2752 --- [restartedMain] j.LocalContainerEntityManagerFactoryBean : Initialized JPA EntityManagerFactory for persistence unit 'default'
2023-06-22 11:59:43.384  INFO 2752 --- [restartedMain] o.s.b.d.a.OptionalLiveReloadServer       : LiveReload server is running on port 35729
2023-06-22 11:59:43.398  WARN 2752 --- [restartedMain] JpaBaseConfiguration$JpaWebConfiguration : spring.jpa.open-in-view is enabled by default. Therefore, database queries may be performed during view rendering. Explicitly configure spring.jpa.open-in-view to disable this warning
2023-06-22 11:59:43.465  INFO 2752 --- [restartedMain] o.s.s.web.DefaultSecurityFilterChain     : Will secure Ant [pattern='/images/**'] with []
2023-06-22 11:59:43.465  INFO 2752 --- [restartedMain] o.s.s.web.DefaultSecurityFilterChain     : Will secure Ant [pattern='/js/**'] with []
2023-06-22 11:59:43.465  INFO 2752 --- [restartedMain] o.s.s.web.DefaultSecurityFilterChain     : Will secure Ant [pattern='/webjars/**'] with []
2023-06-22 11:59:43.472  INFO 2752 --- [restartedMain] o.s.s.web.DefaultSecurityFilterChain     : Will secure any request with [org.springframework.security.web.context.request.async.WebAsyncManagerIntegrationFilter@4aa39dd2, org.springframework.security.web.context.SecurityContextPersistenceFilter@386218e5, org.springframework.security.web.header.HeaderWriterFilter@7f149cba, org.springframework.security.web.csrf.CsrfFilter@600f3771, org.springframework.security.web.authentication.logout.LogoutFilter@50298ba4, org.springframework.security.web.authentication.UsernamePasswordAuthenticationFilter@76f71232, org.springframework.security.web.savedrequest.RequestCacheAwareFilter@684f4656, org.springframework.security.web.servletapi.SecurityContextHolderAwareRequestFilter@33e5e6a9, org.springframework.security.web.authentication.rememberme.RememberMeAuthenticationFilter@597097fa, org.springframework.security.web.authentication.AnonymousAuthenticationFilter@23e1c67b, org.springframework.security.web.session.SessionManagementFilter@214f0702, org.springframework.security.web.access.ExceptionTranslationFilter@3b1d7c1b, org.springframework.security.web.access.intercept.FilterSecurityInterceptor@5767c994]
2023-06-22 11:59:43.494  INFO 2752 --- [restartedMain] o.s.s.concurrent.ThreadPoolTaskExecutor  : Initializing ExecutorService 'applicationTaskExecutor'
2023-06-22 11:59:43.508  INFO 2752 --- [restartedMain] o.s.b.a.w.s.WelcomePageHandlerMapping    : Adding welcome page template: index
2023-06-22 11:59:43.654  INFO 2752 --- [restartedMain] o.s.b.w.embedded.tomcat.TomcatWebServer  : Tomcat started on port(s): 8080 (http) with context path '/ShopmeAdmin'
2023-06-22 11:59:43.657  INFO 2752 --- [restartedMain] c.shopme.admin.ShopmeBackEndApplication  : Started ShopmeBackEndApplication in 0.611 seconds (JVM running for 463.476)
2023-06-22 11:59:43.658  INFO 2752 --- [restartedMain] .ConditionEvaluationDeltaLoggingListener : Condition evaluation unchanged
2023-06-22 12:00:54.578  INFO 2752 --- [Thread-23] o.s.s.concurrent.ThreadPoolTaskExecutor  : Shutting down ExecutorService 'applicationTaskExecutor'
2023-06-22 12:00:54.579  INFO 2752 --- [Thread-23] j.LocalContainerEntityManagerFactoryBean : Closing JPA EntityManagerFactory for persistence unit 'default'
2023-06-22 12:00:54.580  INFO 2752 --- [Thread-23] com.zaxxer.hikari.HikariDataSource       : HikariPool-5 - Shutdown initiated...
2023-06-22 12:00:54.583  INFO 2752 --- [Thread-23] com.zaxxer.hikari.HikariDataSource       : HikariPool-5 - Shutdown completed.
2023-06-22 12:00:54.637  INFO 2752 --- [restartedMain] c.shopme.admin.ShopmeBackEndApplication  : Starting ShopmeBackEndApplication using Java 17.0.6 on HOME-PC with PID 2752 (C:\Users\Nguyen Huu Tu\Documents\workspace-spring-tool-suite-4-4.17.2.RELEASE\ShopmeProject\ShopmeWebParent\ShopmeBackEnd\target\classes started by Nguyen Huu Tu in C:\Users\Nguyen Huu Tu\Documents\workspace-spring-tool-suite-4-4.17.2.RELEASE\ShopmeProject\ShopmeWebParent\ShopmeBackEnd)
2023-06-22 12:00:54.637  INFO 2752 --- [restartedMain] c.shopme.admin.ShopmeBackEndApplication  : No active profile set, falling back to default profiles: default
2023-06-22 12:00:54.768  INFO 2752 --- [restartedMain] .s.d.r.c.RepositoryConfigurationDelegate : Bootstrapping Spring Data JPA repositories in DEFAULT mode.
2023-06-22 12:00:54.776  INFO 2752 --- [restartedMain] .s.d.r.c.RepositoryConfigurationDelegate : Finished Spring Data repository scanning in 8 ms. Found 2 JPA repository interfaces.
2023-06-22 12:00:54.837  INFO 2752 --- [restartedMain] o.s.b.w.embedded.tomcat.TomcatWebServer  : Tomcat initialized with port(s): 8080 (http)
2023-06-22 12:00:54.838  INFO 2752 --- [restartedMain] o.apache.catalina.core.StandardService   : Starting service [Tomcat]
2023-06-22 12:00:54.838  INFO 2752 --- [restartedMain] org.apache.catalina.core.StandardEngine  : Starting Servlet engine: [Apache Tomcat/9.0.41]
2023-06-22 12:00:54.856  INFO 2752 --- [restartedMain] o.a.c.c.C.[.[localhost].[/ShopmeAdmin]   : Initializing Spring embedded WebApplicationContext
2023-06-22 12:00:54.857  INFO 2752 --- [restartedMain] w.s.c.ServletWebServerApplicationContext : Root WebApplicationContext: initialization completed in 217 ms
2023-06-22 12:00:54.889  INFO 2752 --- [restartedMain] o.hibernate.jpa.internal.util.LogHelper  : HHH000204: Processing PersistenceUnitInfo [name: default]
2023-06-22 12:00:54.894  INFO 2752 --- [restartedMain] com.zaxxer.hikari.HikariDataSource       : HikariPool-6 - Starting...
2023-06-22 12:00:54.903  INFO 2752 --- [restartedMain] com.zaxxer.hikari.HikariDataSource       : HikariPool-6 - Start completed.
2023-06-22 12:00:54.903  INFO 2752 --- [restartedMain] org.hibernate.dialect.Dialect            : HHH000400: Using dialect: org.hibernate.dialect.MySQL8Dialect
2023-06-22 12:00:54.941  INFO 2752 --- [restartedMain] o.h.e.t.j.p.i.JtaPlatformInitiator       : HHH000490: Using JtaPlatform implementation: [org.hibernate.engine.transaction.jta.platform.internal.NoJtaPlatform]
2023-06-22 12:00:54.941  INFO 2752 --- [restartedMain] j.LocalContainerEntityManagerFactoryBean : Initialized JPA EntityManagerFactory for persistence unit 'default'
2023-06-22 12:00:54.950  INFO 2752 --- [restartedMain] o.s.b.d.a.OptionalLiveReloadServer       : LiveReload server is running on port 35729
2023-06-22 12:00:54.962  WARN 2752 --- [restartedMain] JpaBaseConfiguration$JpaWebConfiguration : spring.jpa.open-in-view is enabled by default. Therefore, database queries may be performed during view rendering. Explicitly configure spring.jpa.open-in-view to disable this warning
2023-06-22 12:00:55.030  INFO 2752 --- [restartedMain] o.s.s.web.DefaultSecurityFilterChain     : Will secure Ant [pattern='/images/**'] with []
2023-06-22 12:00:55.030  INFO 2752 --- [restartedMain] o.s.s.web.DefaultSecurityFilterChain     : Will secure Ant [pattern='/js/**'] with []
2023-06-22 12:00:55.030  INFO 2752 --- [restartedMain] o.s.s.web.DefaultSecurityFilterChain     : Will secure Ant [pattern='/webjars/**'] with []
2023-06-22 12:00:55.037  INFO 2752 --- [restartedMain] o.s.s.web.DefaultSecurityFilterChain     : Will secure any request with [org.springframework.security.web.context.request.async.WebAsyncManagerIntegrationFilter@580a2d55, org.springframework.security.web.context.SecurityContextPersistenceFilter@3f496860, org.springframework.security.web.header.HeaderWriterFilter@64ae0c88, org.springframework.security.web.csrf.CsrfFilter@1d764500, org.springframework.security.web.authentication.logout.LogoutFilter@7eb1c344, org.springframework.security.web.authentication.UsernamePasswordAuthenticationFilter@14c18dd3, org.springframework.security.web.savedrequest.RequestCacheAwareFilter@4b9a74f, org.springframework.security.web.servletapi.SecurityContextHolderAwareRequestFilter@1067311c, org.springframework.security.web.authentication.rememberme.RememberMeAuthenticationFilter@558fda60, org.springframework.security.web.authentication.AnonymousAuthenticationFilter@75d03f71, org.springframework.security.web.session.SessionManagementFilter@10387122, org.springframework.security.web.access.ExceptionTranslationFilter@3611ab45, org.springframework.security.web.access.intercept.FilterSecurityInterceptor@24c126db]
2023-06-22 12:00:55.069  INFO 2752 --- [restartedMain] o.s.s.concurrent.ThreadPoolTaskExecutor  : Initializing ExecutorService 'applicationTaskExecutor'
2023-06-22 12:00:55.080  INFO 2752 --- [restartedMain] o.s.b.a.w.s.WelcomePageHandlerMapping    : Adding welcome page template: index
2023-06-22 12:00:55.217  INFO 2752 --- [restartedMain] o.s.b.w.embedded.tomcat.TomcatWebServer  : Tomcat started on port(s): 8080 (http) with context path '/ShopmeAdmin'
2023-06-22 12:00:55.221  INFO 2752 --- [restartedMain] c.shopme.admin.ShopmeBackEndApplication  : Started ShopmeBackEndApplication in 0.603 seconds (JVM running for 535.039)
2023-06-22 12:00:55.222  INFO 2752 --- [restartedMain] .ConditionEvaluationDeltaLoggingListener : Condition evaluation unchanged
2023-06-22 12:01:13.482  INFO 2752 --- [RMI TCP Connection(33)-127.0.0.1] inMXBeanRegistrar$SpringApplicationAdmin : Application shutdown requested.
2023-06-22 12:01:13.496  INFO 2752 --- [RMI TCP Connection(33)-127.0.0.1] o.s.s.concurrent.ThreadPoolTaskExecutor  : Shutting down ExecutorService 'applicationTaskExecutor'
2023-06-22 12:01:13.497  INFO 2752 --- [RMI TCP Connection(33)-127.0.0.1] j.LocalContainerEntityManagerFactoryBean : Closing JPA EntityManagerFactory for persistence unit 'default'
2023-06-22 12:01:13.497  INFO 2752 --- [RMI TCP Connection(33)-127.0.0.1] com.zaxxer.hikari.HikariDataSource       : HikariPool-6 - Shutdown initiated...
2023-06-22 12:01:13.499  INFO 2752 --- [RMI TCP Connection(33)-127.0.0.1] com.zaxxer.hikari.HikariDataSource       : HikariPool-6 - Shutdown completed.
2023-06-22 12:01:15.242  INFO 7772 --- [restartedMain] c.shopme.admin.ShopmeBackEndApplication  : Starting ShopmeBackEndApplication using Java 17.0.6 on HOME-PC with PID 7772 (C:\Users\Nguyen Huu Tu\Documents\workspace-spring-tool-suite-4-4.17.2.RELEASE\ShopmeProject\ShopmeWebParent\ShopmeBackEnd\target\classes started by Nguyen Huu Tu in C:\Users\Nguyen Huu Tu\Documents\workspace-spring-tool-suite-4-4.17.2.RELEASE\ShopmeProject\ShopmeWebParent\ShopmeBackEnd)
2023-06-22 12:01:15.244  INFO 7772 --- [restartedMain] c.shopme.admin.ShopmeBackEndApplication  : No active profile set, falling back to default profiles: default
2023-06-22 12:01:15.285  INFO 7772 --- [restartedMain] .e.DevToolsPropertyDefaultsPostProcessor : Devtools property defaults active! Set 'spring.devtools.add-properties' to 'false' to disable
2023-06-22 12:01:15.285  INFO 7772 --- [restartedMain] .e.DevToolsPropertyDefaultsPostProcessor : For additional web related logging consider setting the 'logging.level.web' property to 'DEBUG'
2023-06-22 12:01:15.762  INFO 7772 --- [restartedMain] .s.d.r.c.RepositoryConfigurationDelegate : Bootstrapping Spring Data JPA repositories in DEFAULT mode.
2023-06-22 12:01:15.803  INFO 7772 --- [restartedMain] .s.d.r.c.RepositoryConfigurationDelegate : Finished Spring Data repository scanning in 36 ms. Found 2 JPA repository interfaces.
2023-06-22 12:01:16.234  INFO 7772 --- [restartedMain] o.s.b.w.embedded.tomcat.TomcatWebServer  : Tomcat initialized with port(s): 8080 (http)
2023-06-22 12:01:16.242  INFO 7772 --- [restartedMain] o.apache.catalina.core.StandardService   : Starting service [Tomcat]
2023-06-22 12:01:16.243  INFO 7772 --- [restartedMain] org.apache.catalina.core.StandardEngine  : Starting Servlet engine: [Apache Tomcat/9.0.41]
2023-06-22 12:01:16.298  INFO 7772 --- [restartedMain] o.a.c.c.C.[.[localhost].[/ShopmeAdmin]   : Initializing Spring embedded WebApplicationContext
2023-06-22 12:01:16.298  INFO 7772 --- [restartedMain] w.s.c.ServletWebServerApplicationContext : Root WebApplicationContext: initialization completed in 1013 ms
2023-06-22 12:01:16.461  INFO 7772 --- [restartedMain] o.hibernate.jpa.internal.util.LogHelper  : HHH000204: Processing PersistenceUnitInfo [name: default]
2023-06-22 12:01:16.504  INFO 7772 --- [restartedMain] org.hibernate.Version                    : HHH000412: Hibernate ORM core version 5.4.27.Final
2023-06-22 12:01:16.610  INFO 7772 --- [restartedMain] o.hibernate.annotations.common.Version   : HCANN000001: Hibernate Commons Annotations {5.1.2.Final}
2023-06-22 12:01:16.692  INFO 7772 --- [restartedMain] com.zaxxer.hikari.HikariDataSource       : HikariPool-1 - Starting...
2023-06-22 12:01:16.950  INFO 7772 --- [restartedMain] com.zaxxer.hikari.HikariDataSource       : HikariPool-1 - Start completed.
2023-06-22 12:01:16.974  INFO 7772 --- [restartedMain] org.hibernate.dialect.Dialect            : HHH000400: Using dialect: org.hibernate.dialect.MySQL8Dialect
2023-06-22 12:01:17.501  INFO 7772 --- [restartedMain] o.h.e.t.j.p.i.JtaPlatformInitiator       : HHH000490: Using JtaPlatform implementation: [org.hibernate.engine.transaction.jta.platform.internal.NoJtaPlatform]
2023-06-22 12:01:17.507  INFO 7772 --- [restartedMain] j.LocalContainerEntityManagerFactoryBean : Initialized JPA EntityManagerFactory for persistence unit 'default'
2023-06-22 12:01:17.536  INFO 7772 --- [restartedMain] o.s.b.d.a.OptionalLiveReloadServer       : LiveReload server is running on port 35729
2023-06-22 12:01:17.578  WARN 7772 --- [restartedMain] JpaBaseConfiguration$JpaWebConfiguration : spring.jpa.open-in-view is enabled by default. Therefore, database queries may be performed during view rendering. Explicitly configure spring.jpa.open-in-view to disable this warning
2023-06-22 12:01:18.012  INFO 7772 --- [restartedMain] o.s.s.web.DefaultSecurityFilterChain     : Will secure Ant [pattern='/images/**'] with []
2023-06-22 12:01:18.013  INFO 7772 --- [restartedMain] o.s.s.web.DefaultSecurityFilterChain     : Will secure Ant [pattern='/js/**'] with []
2023-06-22 12:01:18.013  INFO 7772 --- [restartedMain] o.s.s.web.DefaultSecurityFilterChain     : Will secure Ant [pattern='/webjars/**'] with []
2023-06-22 12:01:18.040  INFO 7772 --- [restartedMain] o.s.s.web.DefaultSecurityFilterChain     : Will secure any request with [org.springframework.security.web.context.request.async.WebAsyncManagerIntegrationFilter@6b2a4d33, org.springframework.security.web.context.SecurityContextPersistenceFilter@2d2cdad3, org.springframework.security.web.header.HeaderWriterFilter@5f6f984f, org.springframework.security.web.csrf.CsrfFilter@3de35d97, org.springframework.security.web.authentication.logout.LogoutFilter@5a7190c, org.springframework.security.web.authentication.UsernamePasswordAuthenticationFilter@9b7d68d, org.springframework.security.web.savedrequest.RequestCacheAwareFilter@7b8e6ea8, org.springframework.security.web.servletapi.SecurityContextHolderAwareRequestFilter@7fae5d16, org.springframework.security.web.authentication.rememberme.RememberMeAuthenticationFilter@25548a, org.springframework.security.web.authentication.AnonymousAuthenticationFilter@762f1f64, org.springframework.security.web.session.SessionManagementFilter@cf6c37b, org.springframework.security.web.access.ExceptionTranslationFilter@382444f9, org.springframework.security.web.access.intercept.FilterSecurityInterceptor@87f5ad9]
2023-06-22 12:01:18.124  INFO 7772 --- [restartedMain] o.s.s.concurrent.ThreadPoolTaskExecutor  : Initializing ExecutorService 'applicationTaskExecutor'
2023-06-22 12:01:18.185  INFO 7772 --- [restartedMain] o.s.b.a.w.s.WelcomePageHandlerMapping    : Adding welcome page template: index
2023-06-22 12:01:18.534  INFO 7772 --- [restartedMain] o.s.b.w.embedded.tomcat.TomcatWebServer  : Tomcat started on port(s): 8080 (http) with context path '/ShopmeAdmin'
2023-06-22 12:01:18.541  INFO 7772 --- [restartedMain] c.shopme.admin.ShopmeBackEndApplication  : Started ShopmeBackEndApplication in 3.59 seconds (JVM running for 4.154)
2023-06-22 12:01:29.516  INFO 7772 --- [http-nio-8080-exec-1] o.a.c.c.C.[.[localhost].[/ShopmeAdmin]   : Initializing Spring DispatcherServlet 'dispatcherServlet'
2023-06-22 12:01:29.516  INFO 7772 --- [http-nio-8080-exec-1] o.s.web.servlet.DispatcherServlet        : Initializing Servlet 'dispatcherServlet'
2023-06-22 12:01:29.517  INFO 7772 --- [http-nio-8080-exec-1] o.s.web.servlet.DispatcherServlet        : Completed initialization in 1 ms
2023-06-22 12:02:26.625 ERROR 7772 --- [http-nio-8080-exec-8] com.shopme.admin.FileUploadUtil          : Could not list directory: user-photos\24
2023-06-22 12:04:54.704  INFO 7772 --- [Thread-4] o.s.s.concurrent.ThreadPoolTaskExecutor  : Shutting down ExecutorService 'applicationTaskExecutor'
2023-06-22 12:04:54.704  INFO 7772 --- [Thread-4] j.LocalContainerEntityManagerFactoryBean : Closing JPA EntityManagerFactory for persistence unit 'default'
2023-06-22 12:04:54.707  INFO 7772 --- [Thread-4] com.zaxxer.hikari.HikariDataSource       : HikariPool-1 - Shutdown initiated...
2023-06-22 12:04:54.714  INFO 7772 --- [Thread-4] com.zaxxer.hikari.HikariDataSource       : HikariPool-1 - Shutdown completed.
